<?xml version="1.0" encoding="UTF-8"?>
<!-- Generated by org.testng.reporters.JUnitReportReporter -->
<testsuite skipped="0" hostname="DESKTOP-EVICI7D" name="TestCases.tValidateProdWithRange" tests="1" failures="0" timestamp="2023-05-31T02:35:02 IST" time="121.525" errors="0">
  <testcase name="ValidateProducts" time="121.525" classname="TestCases.tValidateProdWithRange"/>
  <system-out/>
</testsuite> <!-- TestCases.tValidateProdWithRange -->
