<?xml version="1.0" encoding="UTF-8"?>
<!-- Generated by org.testng.reporters.JUnitReportReporter -->
<testsuite skipped="0" hostname="DESKTOP-EVICI7D" name="TestCases.API_tests" tests="5" failures="0" timestamp="2023-05-31T02:35:02 IST" time="11.443" errors="0">
  <testcase name="createBooking" time="5.957" classname="TestCases.API_tests"/>
  <system-out/>
  <testcase name="geBooking" time="1.236" classname="TestCases.API_tests"/>
  <system-out/>
  <testcase name="getToken" time="1.274" classname="TestCases.API_tests"/>
  <system-out/>
  <testcase name="updateBooking" time="1.772" classname="TestCases.API_tests"/>
  <system-out/>
  <testcase name="deleteBooking" time="1.204" classname="TestCases.API_tests"/>
  <system-out/>
</testsuite> <!-- TestCases.API_tests -->
