<?xml version="1.0" encoding="UTF-8"?>
<!-- Generated by org.testng.reporters.JUnitReportReporter -->
<testsuite skipped="0" hostname="DESKTOP-EVICI7D" name="TestCases.tSearchAndPrintResult" tests="1" failures="0" timestamp="2023-05-31T02:35:02 IST" time="42.848" errors="0">
  <testcase name="searchResultAndloginToAmazon" time="42.848" classname="TestCases.tSearchAndPrintResult"/>
  <system-out/>
</testsuite> <!-- TestCases.tSearchAndPrintResult -->
