<?xml version="1.0" encoding="UTF-8"?>
<!-- Generated by org.testng.reporters.JUnitReportReporter -->
<testsuite skipped="0" hostname="DESKTOP-EVICI7D" name="TestCases.tValidateProdWithRange" tests="2" failures="0" timestamp="2023-05-29T04:53:26 IST" time="114.380" errors="0">
  <testcase name="dataHandling" time="7.747" classname="TestCases.tValidateProdWithRange"/>
  <system-out/>
  <testcase name="validlogin" time="106.633" classname="TestCases.tValidateProdWithRange"/>
  <system-out/>
</testsuite> <!-- TestCases.tValidateProdWithRange -->
