<?xml version="1.0" encoding="UTF-8"?>
<!-- Generated by org.testng.reporters.JUnitReportReporter -->
<testsuite skipped="0" hostname="DESKTOP-EVICI7D" name="TestCases.tSearchAndPrintResult" tests="1" failures="0" timestamp="2023-05-29T04:53:26 IST" time="80.424" errors="0">
  <testcase name="searchResultAndloginToAmazon" time="80.424" classname="TestCases.tSearchAndPrintResult"/>
  <system-out/>
</testsuite> <!-- TestCases.tSearchAndPrintResult -->
